<?xml version="1.0" encoding="UTF-8"?>
<!-- Generated by org.testng.reporters.JUnitXMLReporter -->
<testsuite ignored="0" hostname="Pravals-MacBook-Pro.local" failures="0" tests="3" name="Default test" time="0.09" errors="0" timestamp="2024-04-17T23:27:50 IST">
  <testcase classname="com.qa.opencart.base.BaseTest" name="@BeforeTest setup" time="-1.713376665021E9">
    <failure type="org.testng.TestNGException" message="
Parameter &amp;apos;browser&amp;apos; is required by BeforeTest on method setup but has not been marked @Optional or defined
in /private/var/folders/c6/3l582mb97j5g39p7sx8wptj80000gp/T/testng-eclipse-2059078131/testng-customsuite.xml">
      <![CDATA[org.testng.TestNGException: 
Parameter 'browser' is required by BeforeTest on method setup but has not been marked @Optional or defined
in /private/var/folders/c6/3l582mb97j5g39p7sx8wptj80000gp/T/testng-eclipse-2059078131/testng-customsuite.xml
at org.testng.internal.Parameters.createParams(Parameters.java:289)
at org.testng.internal.Parameters.createParametersForMethod(Parameters.java:377)
at org.testng.internal.Parameters.createParameters(Parameters.java:721)
at org.testng.internal.Parameters.createConfigurationParameters(Parameters.java:164)
at org.testng.internal.ConfigInvoker.invokeConfigurations(ConfigInvoker.java:275)
at org.testng.TestRunner.invokeTestConfigurations(TestRunner.java:623)
at org.testng.TestRunner.beforeRun(TestRunner.java:613)
at org.testng.TestRunner.run(TestRunner.java:584)
at org.testng.SuiteRunner.runTest(SuiteRunner.java:402)
at org.testng.SuiteRunner.runSequentially(SuiteRunner.java:396)
at org.testng.SuiteRunner.privateRun(SuiteRunner.java:355)
at org.testng.SuiteRunner.run(SuiteRunner.java:304)
at org.testng.SuiteRunnerWorker.runSuite(SuiteRunnerWorker.java:53)
at org.testng.SuiteRunnerWorker.run(SuiteRunnerWorker.java:96)
at org.testng.TestNG.runSuitesSequentially(TestNG.java:1180)
at org.testng.TestNG.runSuitesLocally(TestNG.java:1102)
at org.testng.TestNG.runSuites(TestNG.java:1032)
at org.testng.TestNG.run(TestNG.java:1000)
at org.testng.remote.AbstractRemoteTestNG.run(AbstractRemoteTestNG.java:115)
at org.testng.remote.RemoteTestNG.initAndRun(RemoteTestNG.java:251)
at org.testng.remote.RemoteTestNG.main(RemoteTestNG.java:77)
]]>
    </failure>
  </testcase> <!-- @BeforeTest setup -->
  <testcase classname="com.qa.opencart.tests.RegPageTest" name="@BeforeClass regSetup" time="-1.713376665049E9">
    <skipped/>
  </testcase> <!-- @BeforeClass regSetup -->
  <testcase classname="com.qa.opencart.base.BaseTest" name="@AfterTest tearDown" time="-1.713376665101E9">
    <skipped/>
  </testcase> <!-- @AfterTest tearDown -->
  <testcase classname="com.qa.opencart.tests.RegPageTest" name="userRegTest" time="0.0">
    <skipped/>
  </testcase> <!-- userRegTest -->
  <testcase classname="com.qa.opencart.tests.RegPageTest" name="userRegTest" time="0.0">
    <skipped/>
  </testcase> <!-- userRegTest -->
  <testcase classname="com.qa.opencart.tests.RegPageTest" name="userRegTest" time="0.0">
    <skipped/>
  </testcase> <!-- userRegTest -->
</testsuite> <!-- Default test -->
